Warning: Illegal date format for -z, --time-cond (and not a file name). 
Warning: Disabling time condition. See curl_getdate(3) for valid date syntax.
  % Total    % Received % Xferd  Average Speed   Time    Time     Time  Current
                                 Dload  Upload   Total   Spent    Left  Speed
  0     0    0     0    0     0      0      0 --:--:-- --:--:-- --:--:--     0*   Trying 74.114.88.224...
* TCP_NODELAY set
  0     0    0     0    0     0      0      0 --:--:-- --:--:-- --:--:--     0* Connected to psc.apl.uw.edu (74.114.88.224) port 80 (#0)
> GET /wordpress/wp-content/uploads/schweiger/ice_volume/PIOMAS.vol.daily.1979.2019.Current.v2.1.dat.gz HTTP/1.1
> Host: psc.apl.uw.edu
> User-Agent: curl/7.58.0
> Accept: */*
> 
< HTTP/1.1 200 OK
< Date: Mon, 11 Nov 2019 21:09:39 GMT
< Server: Apache
< Last-Modified: Mon, 11 Nov 2019 03:37:20 GMT
< ETag: "1249f-59709d95d293a"
< Accept-Ranges: bytes
< Content-Length: 74911
< Content-Type: application/x-gzip
< 
{ [1154 bytes data]
 75 74911   75 56354    0     0  38336      0  0:00:01  0:00:01 --:--:-- 38309100 74911  100 74911    0     0  45985      0  0:00:01  0:00:01 --:--:-- 45985
* Connection #0 to host psc.apl.uw.edu left intact
