  % Total    % Received % Xferd  Average Speed   Time    Time     Time  Current
                                 Dload  Upload   Total   Spent    Left  Speed
  0     0    0     0    0     0      0      0 --:--:-- --:--:-- --:--:--     0*   Trying 74.114.88.224...
* TCP_NODELAY set
* Connected to psc.apl.uw.edu (74.114.88.224) port 80 (#0)
> GET /research/projects/arctic-sea-ice-volume-anomaly/data HTTP/1.1
> Host: psc.apl.uw.edu
> User-Agent: curl/7.61.0
> Accept: */*
> If-Modified-Since: Sun, 03 Feb 2019 09:12:16 GMT
> 
< HTTP/1.1 301 Moved Permanently
< Date: Sun, 03 Feb 2019 09:15:46 GMT
< Server: Apache
< Pragma: no-cache
< Expires: Wed, 11 Jan 1984 05:00:00 GMT
< Cache-Control: no-cache, must-revalidate, max-age=0
< Set-Cookie: PHPSESSID=pj66cnhug263q7479bch5jh3g2; path=/
< Location: http://psc.apl.uw.edu/research/projects/arctic-sea-ice-volume-anomaly/data/
< Content-Length: 0
< Content-Type: text/html; charset=UTF-8
< 
  0     0    0     0    0     0      0      0 --:--:-- --:--:-- --:--:--     0  0     0    0     0    0     0      0      0 --:--:-- --:--:-- --:--:--     0
* Connection #0 to host psc.apl.uw.edu left intact
