  % Total    % Received % Xferd  Average Speed   Time    Time     Time  Current
                                 Dload  Upload   Total   Spent    Left  Speed
  0     0    0     0    0     0      0      0 --:--:-- --:--:-- --:--:--     0*   Trying 74.114.88.224...
* TCP_NODELAY set
  0     0    0     0    0     0      0      0 --:--:-- --:--:-- --:--:--     0* Connected to psc.apl.uw.edu (74.114.88.224) port 80 (#0)
> GET /wordpress/wp-content/uploads/schweiger/ice_volume/PIOMAS.vol.daily.1979.2019.Current.v2.1.dat.gz HTTP/1.1
> Host: psc.apl.uw.edu
> User-Agent: curl/7.61.0
> Accept: */*
> If-Modified-Since: Sun, 10 Feb 2019 18:22:09 GMT
> 
< HTTP/1.1 200 OK
< Date: Tue, 05 Mar 2019 07:05:25 GMT
< Server: Apache
< Last-Modified: Mon, 04 Mar 2019 23:20:19 GMT
< ETag: "12002-5834d00082c86"
< Accept-Ranges: bytes
< Content-Length: 73730
< Content-Type: application/x-gzip
< 
{ [1154 bytes data]
100 73730  100 73730    0     0  65713      0  0:00:01  0:00:01 --:--:-- 65713
* Connection #0 to host psc.apl.uw.edu left intact
