* Expire in 0 ms for 6 (transfer 0x55a77584e330)
* Expire in 1 ms for 1 (transfer 0x55a77584e330)
  % Total    % Received % Xferd  Average Speed   Time    Time     Time  Current
                                 Dload  Upload   Total   Spent    Left  Speed
  0     0    0     0    0     0      0      0 --:--:-- --:--:-- --:--:--     0* Expire in 0 ms for 1 (transfer 0x55a77584e330)
* Expire in 1 ms for 1 (transfer 0x55a77584e330)
* Expire in 0 ms for 1 (transfer 0x55a77584e330)
* Expire in 0 ms for 1 (transfer 0x55a77584e330)
* Expire in 1 ms for 1 (transfer 0x55a77584e330)
* Expire in 0 ms for 1 (transfer 0x55a77584e330)
* Expire in 0 ms for 1 (transfer 0x55a77584e330)
* Expire in 1 ms for 1 (transfer 0x55a77584e330)
* Expire in 0 ms for 1 (transfer 0x55a77584e330)
* Expire in 0 ms for 1 (transfer 0x55a77584e330)
* Expire in 1 ms for 1 (transfer 0x55a77584e330)
* Expire in 0 ms for 1 (transfer 0x55a77584e330)
* Expire in 0 ms for 1 (transfer 0x55a77584e330)
* Expire in 1 ms for 1 (transfer 0x55a77584e330)
* Expire in 0 ms for 1 (transfer 0x55a77584e330)
* Expire in 0 ms for 1 (transfer 0x55a77584e330)
* Expire in 1 ms for 1 (transfer 0x55a77584e330)
* Expire in 0 ms for 1 (transfer 0x55a77584e330)
* Expire in 0 ms for 1 (transfer 0x55a77584e330)
* Expire in 1 ms for 1 (transfer 0x55a77584e330)
* Expire in 0 ms for 1 (transfer 0x55a77584e330)
* Expire in 0 ms for 1 (transfer 0x55a77584e330)
* Expire in 1 ms for 1 (transfer 0x55a77584e330)
* Expire in 0 ms for 1 (transfer 0x55a77584e330)
* Expire in 0 ms for 1 (transfer 0x55a77584e330)
* Expire in 1 ms for 1 (transfer 0x55a77584e330)
* Expire in 0 ms for 1 (transfer 0x55a77584e330)
* Expire in 0 ms for 1 (transfer 0x55a77584e330)
* Expire in 1 ms for 1 (transfer 0x55a77584e330)
* Expire in 0 ms for 1 (transfer 0x55a77584e330)
* Expire in 0 ms for 1 (transfer 0x55a77584e330)
* Expire in 1 ms for 1 (transfer 0x55a77584e330)
* Expire in 0 ms for 1 (transfer 0x55a77584e330)
* Expire in 0 ms for 1 (transfer 0x55a77584e330)
* Expire in 1 ms for 1 (transfer 0x55a77584e330)
* Expire in 0 ms for 1 (transfer 0x55a77584e330)
* Expire in 0 ms for 1 (transfer 0x55a77584e330)
* Expire in 1 ms for 1 (transfer 0x55a77584e330)
* Expire in 0 ms for 1 (transfer 0x55a77584e330)
* Expire in 0 ms for 1 (transfer 0x55a77584e330)
* Expire in 1 ms for 1 (transfer 0x55a77584e330)
* Expire in 0 ms for 1 (transfer 0x55a77584e330)
* Expire in 0 ms for 1 (transfer 0x55a77584e330)
* Expire in 1 ms for 1 (transfer 0x55a77584e330)
* Expire in 0 ms for 1 (transfer 0x55a77584e330)
* Expire in 0 ms for 1 (transfer 0x55a77584e330)
* Expire in 1 ms for 1 (transfer 0x55a77584e330)
* Expire in 0 ms for 1 (transfer 0x55a77584e330)
* Expire in 0 ms for 1 (transfer 0x55a77584e330)
* Expire in 2 ms for 1 (transfer 0x55a77584e330)
* Expire in 0 ms for 1 (transfer 0x55a77584e330)
* Expire in 0 ms for 1 (transfer 0x55a77584e330)
* Expire in 2 ms for 1 (transfer 0x55a77584e330)
* Expire in 0 ms for 1 (transfer 0x55a77584e330)
* Expire in 0 ms for 1 (transfer 0x55a77584e330)
* Expire in 2 ms for 1 (transfer 0x55a77584e330)
* Expire in 0 ms for 1 (transfer 0x55a77584e330)
* Expire in 0 ms for 1 (transfer 0x55a77584e330)
* Expire in 2 ms for 1 (transfer 0x55a77584e330)
* Expire in 0 ms for 1 (transfer 0x55a77584e330)
* Expire in 0 ms for 1 (transfer 0x55a77584e330)
* Expire in 2 ms for 1 (transfer 0x55a77584e330)
* Expire in 0 ms for 1 (transfer 0x55a77584e330)
* Expire in 0 ms for 1 (transfer 0x55a77584e330)
* Expire in 2 ms for 1 (transfer 0x55a77584e330)
* Expire in 0 ms for 1 (transfer 0x55a77584e330)
* Expire in 0 ms for 1 (transfer 0x55a77584e330)
* Expire in 2 ms for 1 (transfer 0x55a77584e330)
* Expire in 0 ms for 1 (transfer 0x55a77584e330)
* Expire in 0 ms for 1 (transfer 0x55a77584e330)
* Expire in 2 ms for 1 (transfer 0x55a77584e330)
* Expire in 0 ms for 1 (transfer 0x55a77584e330)
* Expire in 0 ms for 1 (transfer 0x55a77584e330)
* Expire in 2 ms for 1 (transfer 0x55a77584e330)
* Expire in 0 ms for 1 (transfer 0x55a77584e330)
* Expire in 0 ms for 1 (transfer 0x55a77584e330)
* Expire in 2 ms for 1 (transfer 0x55a77584e330)
* Expire in 0 ms for 1 (transfer 0x55a77584e330)
* Expire in 0 ms for 1 (transfer 0x55a77584e330)
* Expire in 2 ms for 1 (transfer 0x55a77584e330)
* Expire in 0 ms for 1 (transfer 0x55a77584e330)
* Expire in 0 ms for 1 (transfer 0x55a77584e330)
* Expire in 2 ms for 1 (transfer 0x55a77584e330)
* Expire in 0 ms for 1 (transfer 0x55a77584e330)
* Expire in 0 ms for 1 (transfer 0x55a77584e330)
* Expire in 2 ms for 1 (transfer 0x55a77584e330)
* Expire in 0 ms for 1 (transfer 0x55a77584e330)
* Expire in 0 ms for 1 (transfer 0x55a77584e330)
* Expire in 2 ms for 1 (transfer 0x55a77584e330)
* Expire in 0 ms for 1 (transfer 0x55a77584e330)
* Expire in 0 ms for 1 (transfer 0x55a77584e330)
* Expire in 2 ms for 1 (transfer 0x55a77584e330)
* Expire in 0 ms for 1 (transfer 0x55a77584e330)
* Expire in 0 ms for 1 (transfer 0x55a77584e330)
* Expire in 2 ms for 1 (transfer 0x55a77584e330)
* Expire in 0 ms for 1 (transfer 0x55a77584e330)
* Expire in 0 ms for 1 (transfer 0x55a77584e330)
* Expire in 2 ms for 1 (transfer 0x55a77584e330)
* Expire in 0 ms for 1 (transfer 0x55a77584e330)
* Expire in 0 ms for 1 (transfer 0x55a77584e330)
* Expire in 2 ms for 1 (transfer 0x55a77584e330)
* Expire in 0 ms for 1 (transfer 0x55a77584e330)
* Expire in 0 ms for 1 (transfer 0x55a77584e330)
* Expire in 2 ms for 1 (transfer 0x55a77584e330)
* Expire in 0 ms for 1 (transfer 0x55a77584e330)
* Expire in 0 ms for 1 (transfer 0x55a77584e330)
* Expire in 2 ms for 1 (transfer 0x55a77584e330)
* Expire in 0 ms for 1 (transfer 0x55a77584e330)
* Expire in 0 ms for 1 (transfer 0x55a77584e330)
* Expire in 2 ms for 1 (transfer 0x55a77584e330)
* Expire in 0 ms for 1 (transfer 0x55a77584e330)
* Expire in 0 ms for 1 (transfer 0x55a77584e330)
* Expire in 2 ms for 1 (transfer 0x55a77584e330)
* Expire in 0 ms for 1 (transfer 0x55a77584e330)
* Expire in 0 ms for 1 (transfer 0x55a77584e330)
* Expire in 2 ms for 1 (transfer 0x55a77584e330)
* Expire in 0 ms for 1 (transfer 0x55a77584e330)
* Expire in 0 ms for 1 (transfer 0x55a77584e330)
* Expire in 2 ms for 1 (transfer 0x55a77584e330)
* Expire in 0 ms for 1 (transfer 0x55a77584e330)
* Expire in 0 ms for 1 (transfer 0x55a77584e330)
* Expire in 2 ms for 1 (transfer 0x55a77584e330)
* Expire in 0 ms for 1 (transfer 0x55a77584e330)
* Expire in 0 ms for 1 (transfer 0x55a77584e330)
* Expire in 2 ms for 1 (transfer 0x55a77584e330)
* Expire in 0 ms for 1 (transfer 0x55a77584e330)
* Expire in 0 ms for 1 (transfer 0x55a77584e330)
* Expire in 2 ms for 1 (transfer 0x55a77584e330)
* Expire in 0 ms for 1 (transfer 0x55a77584e330)
* Expire in 0 ms for 1 (transfer 0x55a77584e330)
* Expire in 2 ms for 1 (transfer 0x55a77584e330)
* Expire in 0 ms for 1 (transfer 0x55a77584e330)
* Expire in 0 ms for 1 (transfer 0x55a77584e330)
* Expire in 2 ms for 1 (transfer 0x55a77584e330)
* Expire in 0 ms for 1 (transfer 0x55a77584e330)
* Expire in 0 ms for 1 (transfer 0x55a77584e330)
* Expire in 2 ms for 1 (transfer 0x55a77584e330)
* Expire in 0 ms for 1 (transfer 0x55a77584e330)
* Expire in 0 ms for 1 (transfer 0x55a77584e330)
* Expire in 2 ms for 1 (transfer 0x55a77584e330)
* Expire in 0 ms for 1 (transfer 0x55a77584e330)
* Expire in 0 ms for 1 (transfer 0x55a77584e330)
* Expire in 0 ms for 1 (transfer 0x55a77584e330)
*   Trying 74.114.88.224...
* TCP_NODELAY set
* Expire in 200 ms for 4 (transfer 0x55a77584e330)
* Connected to psc.apl.uw.edu (74.114.88.224) port 80 (#0)
> GET /wordpress/wp-content/uploads/schweiger/ice_volume/PIOMAS.vol.daily.1979.2019.Current.v2.1.dat.gz HTTP/1.1
> Host: psc.apl.uw.edu
> User-Agent: curl/7.64.0
> Accept: */*
> If-Modified-Since: Sun, 04 Aug 2019 17:28:58 GMT
> 
< HTTP/1.1 200 OK
< Date: Fri, 06 Sep 2019 16:45:32 GMT
< Server: Apache
< Last-Modified: Fri, 06 Sep 2019 05:04:38 GMT
< ETag: "1237e-591db60005276"
< Accept-Ranges: bytes
< Content-Length: 74622
< Content-Type: application/x-gzip
< 
{ [1154 bytes data]
100 74622  100 74622    0     0  88310      0 --:--:-- --:--:-- --:--:-- 88310
* Connection #0 to host psc.apl.uw.edu left intact
